Build started 12/7/2022 11:40:23 AM.
Logging verbosity is set to: Detailed.     1>Project "C:\Users\sheld\source\repos\ScriptingAndProgrammingApplications\ScriptingAndProgrammingApplications.vcxproj" on node 2 (Build target(s)).
     1>Target "_CheckForInvalidConfigurationAndPlatform" in file "C:\Program Files\Microsoft Visual Studio\2022\Community\MSBuild\Current\Bin\amd64\Microsoft.Common.CurrentVersion.targets" from project "C:\Users\sheld\source\repos\ScriptingAndProgrammingApplications\ScriptingAndProgrammingApplications.vcxproj" (target "SetTelemetryEnvironmentVariables" depends on it):
     1>Task "Message"
       Done executing task "Message".
       Task "Message"
       Done executing task "Message".
     1>Done building target "_CheckForInvalidConfigurationAndPlatform" in project "ScriptingAndProgrammingApplications.vcxproj".
     1>Target "SetTelemetryEnvironmentVariables" in file "C:\Program Files\Microsoft Visual Studio\2022\Community\MSBuild\Microsoft\VC\v170\Microsoft.Cpp.DesignTime.targets" from project "C:\Users\sheld\source\repos\ScriptingAndProgrammingApplications\ScriptingAndProgrammingApplications.vcxproj" (target "Build" depends on it):
       Task "SetEnv"
       Done executing task "SetEnv".
       Task "SetEnv"
       Done executing task "SetEnv".
       Task "SetEnv"
       Done executing task "SetEnv".
     1>Done building target "SetTelemetryEnvironmentVariables" in project "ScriptingAndProgrammingApplications.vcxproj".
     1>Target "_PrepareForBuild" in file "C:\Program Files\Microsoft Visual Studio\2022\Community\MSBuild\Microsoft\VC\v170\Microsoft.BuildSteps.Targets" from project "C:\Users\sheld\source\repos\ScriptingAndProgrammingApplications\ScriptingAndProgrammingApplications.vcxproj" (target "Build" depends on it):
     1>Done building target "_PrepareForBuild" in project "ScriptingAndProgrammingApplications.vcxproj".
     1>Target "_PrepareForReferenceResolution" in file "C:\Program Files\Microsoft Visual Studio\2022\Community\MSBuild\Microsoft\VC\v170\Microsoft.CppBuild.targets" from project "C:\Users\sheld\source\repos\ScriptingAndProgrammingApplications\ScriptingAndProgrammingApplications.vcxproj" (target "ResolveReferences" depends on it):
     1>Done building target "_PrepareForReferenceResolution" in project "ScriptingAndProgrammingApplications.vcxproj".
     1>Target "BeforeResolveReferences" in file "C:\Program Files\Microsoft Visual Studio\2022\Community\MSBuild\Current\Bin\amd64\Microsoft.Common.CurrentVersion.targets" from project "C:\Users\sheld\source\repos\ScriptingAndProgrammingApplications\ScriptingAndProgrammingApplications.vcxproj" (target "ResolveReferences" depends on it):
     1>Done building target "BeforeResolveReferences" in project "ScriptingAndProgrammingApplications.vcxproj".
     1>Target "AssignProjectConfiguration" in file "C:\Program Files\Microsoft Visual Studio\2022\Community\MSBuild\Current\Bin\amd64\Microsoft.Common.CurrentVersion.targets" from project "C:\Users\sheld\source\repos\ScriptingAndProgrammingApplications\ScriptingAndProgrammingApplications.vcxproj" (target "ResolveReferences" depends on it):
       Task "AssignProjectConfiguration"
       Done executing task "AssignProjectConfiguration".
     1>Done building target "AssignProjectConfiguration" in project "ScriptingAndProgrammingApplications.vcxproj".
     1>Target "_SplitProjectReferencesByFileExistence" in file "C:\Program Files\Microsoft Visual Studio\2022\Community\MSBuild\Current\Bin\amd64\Microsoft.Common.CurrentVersion.targets" from project "C:\Users\sheld\source\repos\ScriptingAndProgrammingApplications\ScriptingAndProgrammingApplications.vcxproj" (target "PrepareProjectReferences" depends on it):
     1>Done building target "_SplitProjectReferencesByFileExistence" in project "ScriptingAndProgrammingApplications.vcxproj".
     1>Target "_AddOutputPathToGlobalPropertiesToRemove" in file "C:\Program Files\Microsoft Visual Studio\2022\Community\MSBuild\Current\Bin\amd64\Microsoft.Common.CurrentVersion.targets" from project "C:\Users\sheld\source\repos\ScriptingAndProgrammingApplications\ScriptingAndProgrammingApplications.vcxproj" (target "_GetProjectReferenceTargetFrameworkProperties" depends on it):
     1>Done building target "_AddOutputPathToGlobalPropertiesToRemove" in project "ScriptingAndProgrammingApplications.vcxproj".
     1>Target "_GetProjectReferenceTargetFrameworkProperties" in file "C:\Program Files\Microsoft Visual Studio\2022\Community\MSBuild\Current\Bin\amd64\Microsoft.Common.CurrentVersion.targets" from project "C:\Users\sheld\source\repos\ScriptingAndProgrammingApplications\ScriptingAndProgrammingApplications.vcxproj" (target "PrepareProjectReferences" depends on it):
       Task "MSBuild"
       Done executing task "MSBuild".
       Task "SetRidAgnosticValueForProjects"
       Done executing task "SetRidAgnosticValueForProjects".
     1>Done building target "_GetProjectReferenceTargetFrameworkProperties" in project "ScriptingAndProgrammingApplications.vcxproj".
     1>Target "PrepareProjectReferences" in file "C:\Program Files\Microsoft Visual Studio\2022\Community\MSBuild\Current\Bin\amd64\Microsoft.Common.CurrentVersion.targets" from project "C:\Users\sheld\source\repos\ScriptingAndProgrammingApplications\ScriptingAndProgrammingApplications.vcxproj" (target "ResolveProjectReferences" depends on it):
     1>Done building target "PrepareProjectReferences" in project "ScriptingAndProgrammingApplications.vcxproj".
     1>Target "ResolveProjectReferences" in file "C:\Program Files\Microsoft Visual Studio\2022\Community\MSBuild\Current\Bin\amd64\Microsoft.Common.CurrentVersion.targets" from project "C:\Users\sheld\source\repos\ScriptingAndProgrammingApplications\ScriptingAndProgrammingApplications.vcxproj" (target "ResolveReferences" depends on it):
     1>Done building target "ResolveProjectReferences" in project "ScriptingAndProgrammingApplications.vcxproj".
     1>Target "GetFrameworkPaths" in file "C:\Program Files\Microsoft Visual Studio\2022\Community\MSBuild\Current\Bin\amd64\Microsoft.Common.CurrentVersion.targets" from project "C:\Users\sheld\source\repos\ScriptingAndProgrammingApplications\ScriptingAndProgrammingApplications.vcxproj" (target "ResolveAssemblyReferences" depends on it):
     1>Done building target "GetFrameworkPaths" in project "ScriptingAndProgrammingApplications.vcxproj".
     1>Target "GetReferenceAssemblyPaths" in file "C:\Program Files\Microsoft Visual Studio\2022\Community\MSBuild\Current\Bin\amd64\Microsoft.Common.CurrentVersion.targets" from project "C:\Users\sheld\source\repos\ScriptingAndProgrammingApplications\ScriptingAndProgrammingApplications.vcxproj" (target "ResolveAssemblyReferences" depends on it):
     1>Done building target "GetReferenceAssemblyPaths" in project "ScriptingAndProgrammingApplications.vcxproj".
     1>Target "AddExternalIncludDirectoriesToPaths" in file "C:\Program Files\Microsoft Visual Studio\2022\Community\MSBuild\Microsoft\VC\v170\Microsoft.Cpp.Current.targets" from project "C:\Users\sheld\source\repos\ScriptingAndProgrammingApplications\ScriptingAndProgrammingApplications.vcxproj" (target "SetBuildDefaultEnvironmentVariables" depends on it):
     1>Done building target "AddExternalIncludDirectoriesToPaths" in project "ScriptingAndProgrammingApplications.vcxproj".
     1>Target "SetBuildDefaultEnvironmentVariables" in file "C:\Program Files\Microsoft Visual Studio\2022\Community\MSBuild\Microsoft\VC\v170\Microsoft.Cpp.Current.targets" from project "C:\Users\sheld\source\repos\ScriptingAndProgrammingApplications\ScriptingAndProgrammingApplications.vcxproj" (target "PrepareForBuild" depends on it):
       Task "SetEnv"
       Done executing task "SetEnv".
       Task "SetEnv"
       Done executing task "SetEnv".
       Task "SetEnv"
       Done executing task "SetEnv".
       Task "SetEnv"
       Done executing task "SetEnv".
       Task "SetEnv"
       Done executing task "SetEnv".
     1>Done building target "SetBuildDefaultEnvironmentVariables" in project "ScriptingAndProgrammingApplications.vcxproj".
     1>Target "GetResolvedWinMD" in file "C:\Program Files\Microsoft Visual Studio\2022\Community\MSBuild\Microsoft\VC\v170\Microsoft.CppBuild.targets" from project "C:\Users\sheld\source\repos\ScriptingAndProgrammingApplications\ScriptingAndProgrammingApplications.vcxproj" (target "PrepareForBuild" depends on it):
     1>Done building target "GetResolvedWinMD" in project "ScriptingAndProgrammingApplications.vcxproj".
     1>Target "_CheckWindowsSDKInstalled" in file "C:\Program Files\Microsoft Visual Studio\2022\Community\MSBuild\Microsoft\VC\v170\Microsoft.Cpp.WindowsSDK.targets" from project "C:\Users\sheld\source\repos\ScriptingAndProgrammingApplications\ScriptingAndProgrammingApplications.vcxproj" (target "PrepareForBuild" depends on it):
     1>Done building target "_CheckWindowsSDKInstalled" in project "ScriptingAndProgrammingApplications.vcxproj".
     1>Target "SetCABuildNativeEnvironmentVariables" in file "C:\Program Files\Microsoft Visual Studio\2022\Community\MSBuild\Microsoft\VisualStudio\v17.0\CodeAnalysis\Microsoft.CodeAnalysis.targets" from project "C:\Users\sheld\source\repos\ScriptingAndProgrammingApplications\ScriptingAndProgrammingApplications.vcxproj" (target "PrepareForBuild" depends on it):
       Task "SetEnv"
       Done executing task "SetEnv".
     1>Done building target "SetCABuildNativeEnvironmentVariables" in project "ScriptingAndProgrammingApplications.vcxproj".
     1>Target "PrepareForBuild" in file "C:\Program Files\Microsoft Visual Studio\2022\Community\MSBuild\Microsoft\VC\v170\Microsoft.CppBuild.targets" from project "C:\Users\sheld\source\repos\ScriptingAndProgrammingApplications\ScriptingAndProgrammingApplications.vcxproj" (target "ResolveAssemblyReferences" depends on it):
       Task "MakeDir"
       Done executing task "MakeDir".
       Task "CheckVCToolsetVersion"
       Done executing task "CheckVCToolsetVersion".
       Task "MakeDir"
       Done executing task "MakeDir".
     1>Done building target "PrepareForBuild" in project "ScriptingAndProgrammingApplications.vcxproj".
     1>Target "ResolveSDKReferences" in file "C:\Program Files\Microsoft Visual Studio\2022\Community\MSBuild\Current\Bin\amd64\Microsoft.Common.CurrentVersion.targets" from project "C:\Users\sheld\source\repos\ScriptingAndProgrammingApplications\ScriptingAndProgrammingApplications.vcxproj" (target "ResolveAssemblyReferences" depends on it):
     1>Done building target "ResolveSDKReferences" in project "ScriptingAndProgrammingApplications.vcxproj".
     1>Target "ExpandSDKReferences" in file "C:\Program Files\Microsoft Visual Studio\2022\Community\MSBuild\Current\Bin\amd64\Microsoft.Common.CurrentVersion.targets" from project "C:\Users\sheld\source\repos\ScriptingAndProgrammingApplications\ScriptingAndProgrammingApplications.vcxproj" (target "ResolveAssemblyReferences" depends on it):
     1>Done building target "ExpandSDKReferences" in project "ScriptingAndProgrammingApplications.vcxproj".
     1>Target "ResolveAssemblyReferences" in file "C:\Program Files\Microsoft Visual Studio\2022\Community\MSBuild\Current\Bin\amd64\Microsoft.Common.CurrentVersion.targets" from project "C:\Users\sheld\source\repos\ScriptingAndProgrammingApplications\ScriptingAndProgrammingApplications.vcxproj" (target "ResolveReferences" depends on it):
     1>Done building target "ResolveAssemblyReferences" in project "ScriptingAndProgrammingApplications.vcxproj".
     1>Target "AfterResolveReferences" in file "C:\Program Files\Microsoft Visual Studio\2022\Community\MSBuild\Current\Bin\amd64\Microsoft.Common.CurrentVersion.targets" from project "C:\Users\sheld\source\repos\ScriptingAndProgrammingApplications\ScriptingAndProgrammingApplications.vcxproj" (target "ResolveReferences" depends on it):
     1>Done building target "AfterResolveReferences" in project "ScriptingAndProgrammingApplications.vcxproj".
     1>Target "ResolveReferences" in file "C:\Program Files\Microsoft Visual Studio\2022\Community\MSBuild\Current\Bin\amd64\Microsoft.Common.CurrentVersion.targets" from project "C:\Users\sheld\source\repos\ScriptingAndProgrammingApplications\ScriptingAndProgrammingApplications.vcxproj" (target "Build" depends on it):
     1>Done building target "ResolveReferences" in project "ScriptingAndProgrammingApplications.vcxproj".
     1>Target "InitializeBuildStatus" in file "C:\Program Files\Microsoft Visual Studio\2022\Community\MSBuild\Microsoft\VC\v170\Microsoft.CppBuild.targets" from project "C:\Users\sheld\source\repos\ScriptingAndProgrammingApplications\ScriptingAndProgrammingApplications.vcxproj" (target "Build" depends on it):
       Task "ReadLinesFromFile"
       Done executing task "ReadLinesFromFile".
       Task "WriteLinesToFile"
       Done executing task "WriteLinesToFile".
       Task "Touch"
       Done executing task "Touch".
     1>Done building target "InitializeBuildStatus" in project "ScriptingAndProgrammingApplications.vcxproj".
     1>Target "BuildGenerateSourcesTraverse" in file "C:\Program Files\Microsoft Visual Studio\2022\Community\MSBuild\Current\Bin\amd64\Microsoft.Common.CurrentVersion.targets" from project "C:\Users\sheld\source\repos\ScriptingAndProgrammingApplications\ScriptingAndProgrammingApplications.vcxproj" (target "BuildGenerateSources" depends on it):
     1>Done building target "BuildGenerateSourcesTraverse" in project "ScriptingAndProgrammingApplications.vcxproj".
     1>Target "BeforeBuildGenerateSources" in file "C:\Program Files\Microsoft Visual Studio\2022\Community\MSBuild\Microsoft\VC\v170\Microsoft.BuildSteps.Targets" from project "C:\Users\sheld\source\repos\ScriptingAndProgrammingApplications\ScriptingAndProgrammingApplications.vcxproj" (target "_BuildGenerateSourcesAction" depends on it):
     1>Done building target "BeforeBuildGenerateSources" in project "ScriptingAndProgrammingApplications.vcxproj".
     1>Target "PreBuildEvent" in file "C:\Program Files\Microsoft Visual Studio\2022\Community\MSBuild\Microsoft\VC\v170\Microsoft.CppCommon.targets" from project "C:\Users\sheld\source\repos\ScriptingAndProgrammingApplications\ScriptingAndProgrammingApplications.vcxproj" (target "_BuildGenerateSourcesAction" depends on it):
     1>Done building target "PreBuildEvent" in project "ScriptingAndProgrammingApplications.vcxproj".
     1>Target "_SelectedFiles" in file "C:\Program Files\Microsoft Visual Studio\2022\Community\MSBuild\Microsoft\VC\v170\Microsoft.CppBuild.targets" from project "C:\Users\sheld\source\repos\ScriptingAndProgrammingApplications\ScriptingAndProgrammingApplications.vcxproj" (target "SelectCustomBuild" depends on it):
     1>Done building target "_SelectedFiles" in project "ScriptingAndProgrammingApplications.vcxproj".
     1>Target "SelectCustomBuild" in file "C:\Program Files\Microsoft Visual Studio\2022\Community\MSBuild\Microsoft\VC\v170\Microsoft.CppBuild.targets" from project "C:\Users\sheld\source\repos\ScriptingAndProgrammingApplications\ScriptingAndProgrammingApplications.vcxproj" (target "CustomBuild" depends on it):
     1>Done building target "SelectCustomBuild" in project "ScriptingAndProgrammingApplications.vcxproj".
     1>Target "ComputeCustomBuildOutput" in file "C:\Program Files\Microsoft Visual Studio\2022\Community\MSBuild\Microsoft\VC\v170\Microsoft.CppBuild.targets" from project "C:\Users\sheld\source\repos\ScriptingAndProgrammingApplications\ScriptingAndProgrammingApplications.vcxproj" (target "CustomBuild" depends on it):
       Task "MakeDir"
       Done executing task "MakeDir".
     1>Done building target "ComputeCustomBuildOutput" in project "ScriptingAndProgrammingApplications.vcxproj".
     1>Target "CustomBuild" in file "C:\Program Files\Microsoft Visual Studio\2022\Community\MSBuild\Microsoft\VC\v170\Microsoft.CppCommon.targets" from project "C:\Users\sheld\source\repos\ScriptingAndProgrammingApplications\ScriptingAndProgrammingApplications.vcxproj" (target "_BuildGenerateSourcesAction" depends on it):
       Task "GetOutOfDateItems"
       Done executing task "GetOutOfDateItems".
       Task "GetOutOfDateItems"
       Done executing task "GetOutOfDateItems".
     1>Done building target "CustomBuild" in project "ScriptingAndProgrammingApplications.vcxproj".
     1>Target "CopyFileToFolders" in file "C:\Program Files\Microsoft Visual Studio\2022\Community\MSBuild\Microsoft\VC\v170\Microsoft.CppCommon.targets" from project "C:\Users\sheld\source\repos\ScriptingAndProgrammingApplications\ScriptingAndProgrammingApplications.vcxproj" (target "_BuildGenerateSourcesAction" depends on it):
       Task "GetOutOfDateItems"
       Done executing task "GetOutOfDateItems".
     1>Done building target "CopyFileToFolders" in project "ScriptingAndProgrammingApplications.vcxproj".
     1>Target "_Xsd" in file "C:\Program Files\Microsoft Visual Studio\2022\Community\MSBuild\Microsoft\VC\v170\Microsoft.CppBuild.targets" from project "C:\Users\sheld\source\repos\ScriptingAndProgrammingApplications\ScriptingAndProgrammingApplications.vcxproj" (target "_BuildGenerateSourcesAction" depends on it):
     1>Done building target "_Xsd" in project "ScriptingAndProgrammingApplications.vcxproj".
     1>Target "MakeDirsForMidl" in file "C:\Program Files\Microsoft Visual Studio\2022\Community\MSBuild\Microsoft\VC\v170\Microsoft.CppBuild.targets" from project "C:\Users\sheld\source\repos\ScriptingAndProgrammingApplications\ScriptingAndProgrammingApplications.vcxproj" (target "_Midl" depends on it):
       Task "Makedir"
       Done executing task "Makedir".
     1>Done building target "MakeDirsForMidl" in project "ScriptingAndProgrammingApplications.vcxproj".
     1>Target "ComputeMIDLGeneratedCompileInputs" in file "C:\Program Files\Microsoft Visual Studio\2022\Community\MSBuild\Microsoft\VC\v170\Microsoft.CppBuild.targets" from project "C:\Users\sheld\source\repos\ScriptingAndProgrammingApplications\ScriptingAndProgrammingApplications.vcxproj" (target "_Midl" depends on it):
     1>Done building target "ComputeMIDLGeneratedCompileInputs" in project "ScriptingAndProgrammingApplications.vcxproj".
     1>Target "AfterMidl" in file "C:\Program Files\Microsoft Visual Studio\2022\Community\MSBuild\Microsoft\VC\v170\Microsoft.CppBuild.targets" from project "C:\Users\sheld\source\repos\ScriptingAndProgrammingApplications\ScriptingAndProgrammingApplications.vcxproj" (target "_Midl" depends on it):
     1>Done building target "AfterMidl" in project "ScriptingAndProgrammingApplications.vcxproj".
     1>Target "_Midl" in file "C:\Program Files\Microsoft Visual Studio\2022\Community\MSBuild\Microsoft\VC\v170\Microsoft.CppBuild.targets" from project "C:\Users\sheld\source\repos\ScriptingAndProgrammingApplications\ScriptingAndProgrammingApplications.vcxproj" (target "_BuildGenerateSourcesAction" depends on it):
     1>Done building target "_Midl" in project "ScriptingAndProgrammingApplications.vcxproj".
     1>Target "AfterBuildGenerateSources" in file "C:\Program Files\Microsoft Visual Studio\2022\Community\MSBuild\Microsoft\VC\v170\Microsoft.BuildSteps.Targets" from project "C:\Users\sheld\source\repos\ScriptingAndProgrammingApplications\ScriptingAndProgrammingApplications.vcxproj" (target "_BuildGenerateSourcesAction" depends on it):
     1>Done building target "AfterBuildGenerateSources" in project "ScriptingAndProgrammingApplications.vcxproj".
     1>Target "AfterBuildGenerateSourcesEvent" in file "C:\Program Files\Microsoft Visual Studio\2022\Community\MSBuild\Microsoft\VC\v170\Microsoft.CppBuild.targets" from project "C:\Users\sheld\source\repos\ScriptingAndProgrammingApplications\ScriptingAndProgrammingApplications.vcxproj" (target "_BuildGenerateSourcesAction" depends on it):
     1>Done building target "AfterBuildGenerateSourcesEvent" in project "ScriptingAndProgrammingApplications.vcxproj".
     1>Target "_BuildGenerateSourcesAction" in file "C:\Program Files\Microsoft Visual Studio\2022\Community\MSBuild\Microsoft\VC\v170\Microsoft.CppBuild.targets" from project "C:\Users\sheld\source\repos\ScriptingAndProgrammingApplications\ScriptingAndProgrammingApplications.vcxproj" (target "BuildGenerateSources" depends on it):
     1>Done building target "_BuildGenerateSourcesAction" in project "ScriptingAndProgrammingApplications.vcxproj".
     1>Target "BuildGenerateSources" in file "C:\Program Files\Microsoft Visual Studio\2022\Community\MSBuild\Current\Bin\amd64\Microsoft.Common.CurrentVersion.targets" from project "C:\Users\sheld\source\repos\ScriptingAndProgrammingApplications\ScriptingAndProgrammingApplications.vcxproj" (target "Build" depends on it):
     1>Done building target "BuildGenerateSources" in project "ScriptingAndProgrammingApplications.vcxproj".
     1>Target "BuildCompileTraverse" in file "C:\Program Files\Microsoft Visual Studio\2022\Community\MSBuild\Current\Bin\amd64\Microsoft.Common.CurrentVersion.targets" from project "C:\Users\sheld\source\repos\ScriptingAndProgrammingApplications\ScriptingAndProgrammingApplications.vcxproj" (target "BuildCompile" depends on it):
     1>Done building target "BuildCompileTraverse" in project "ScriptingAndProgrammingApplications.vcxproj".
     1>Target "BeforeClCompile" in file "C:\Program Files\Microsoft Visual Studio\2022\Community\MSBuild\Microsoft\VC\v170\Microsoft.CppBuild.targets" from project "C:\Users\sheld\source\repos\ScriptingAndProgrammingApplications\ScriptingAndProgrammingApplications.vcxproj" (target "_ClCompile" depends on it):
     1>Done building target "BeforeClCompile" in project "ScriptingAndProgrammingApplications.vcxproj".
     1>Target "ComputeCLInputPDBName" in file "C:\Program Files\Microsoft Visual Studio\2022\Community\MSBuild\Microsoft\VC\v170\Microsoft.CppBuild.targets" from project "C:\Users\sheld\source\repos\ScriptingAndProgrammingApplications\ScriptingAndProgrammingApplications.vcxproj" (target "_ClCompile" depends on it):
     1>Done building target "ComputeCLInputPDBName" in project "ScriptingAndProgrammingApplications.vcxproj".
     1>Target "FindReferenceAssembliesForReferences" in file "C:\Program Files\Microsoft Visual Studio\2022\Community\MSBuild\Current\Bin\amd64\Microsoft.Common.CurrentVersion.targets" from project "C:\Users\sheld\source\repos\ScriptingAndProgrammingApplications\ScriptingAndProgrammingApplications.vcxproj" (target "ComputeReferenceCLInput" depends on it):
     1>Done building target "FindReferenceAssembliesForReferences" in project "ScriptingAndProgrammingApplications.vcxproj".
     1>Target "GetReferencedVCProjectsInfo" in file "C:\Program Files\Microsoft Visual Studio\2022\Community\MSBuild\Microsoft\VC\v170\Microsoft.CppBuild.targets" from project "C:\Users\sheld\source\repos\ScriptingAndProgrammingApplications\ScriptingAndProgrammingApplications.vcxproj" (target "ComputeReferenceCLInput" depends on it):
     1>Done building target "GetReferencedVCProjectsInfo" in project "ScriptingAndProgrammingApplications.vcxproj".
     1>Target "ComputeReferenceCLInput" in file "C:\Program Files\Microsoft Visual Studio\2022\Community\MSBuild\Microsoft\VC\v170\Microsoft.CppBuild.targets" from project "C:\Users\sheld\source\repos\ScriptingAndProgrammingApplications\ScriptingAndProgrammingApplications.vcxproj" (target "_ClCompile" depends on it):
     1>Done building target "ComputeReferenceCLInput" in project "ScriptingAndProgrammingApplications.vcxproj".
     1>Target "WarnCompileDuplicatedFilename" in file "C:\Program Files\Microsoft Visual Studio\2022\Community\MSBuild\Microsoft\VC\v170\Microsoft.CppBuild.targets" from project "C:\Users\sheld\source\repos\ScriptingAndProgrammingApplications\ScriptingAndProgrammingApplications.vcxproj" (target "_ClCompile" depends on it):
     1>Done building target "WarnCompileDuplicatedFilename" in project "ScriptingAndProgrammingApplications.vcxproj".
     1>Target "FixupCLCompileOptions" in file "C:\Program Files\Microsoft Visual Studio\2022\Community\MSBuild\Microsoft\VC\v170\Microsoft.CppCommon.targets" from project "C:\Users\sheld\source\repos\ScriptingAndProgrammingApplications\ScriptingAndProgrammingApplications.vcxproj" (target "_ClCompile" depends on it):
     1>Done building target "FixupCLCompileOptions" in project "ScriptingAndProgrammingApplications.vcxproj".
     1>Target "MakeDirsForCl" in file "C:\Program Files\Microsoft Visual Studio\2022\Community\MSBuild\Microsoft\VC\v170\Microsoft.CppBuild.targets" from project "C:\Users\sheld\source\repos\ScriptingAndProgrammingApplications\ScriptingAndProgrammingApplications.vcxproj" (target "_ClCompile" depends on it):
       Task "MakeDir"
       Done executing task "MakeDir".
     1>Done building target "MakeDirsForCl" in project "ScriptingAndProgrammingApplications.vcxproj".
     1>Target "SelectClCompile" in file "C:\Program Files\Microsoft Visual Studio\2022\Community\MSBuild\Microsoft\VC\v170\Microsoft.CppBuild.targets" from project "C:\Users\sheld\source\repos\ScriptingAndProgrammingApplications\ScriptingAndProgrammingApplications.vcxproj" (target "ClCompile" depends on it):
     1>Done building target "SelectClCompile" in project "ScriptingAndProgrammingApplications.vcxproj".
     1>Target "ClCompile" in file "C:\Program Files\Microsoft Visual Studio\2022\Community\MSBuild\Microsoft\VC\v170\Microsoft.CppCommon.targets" from project "C:\Users\sheld\source\repos\ScriptingAndProgrammingApplications\ScriptingAndProgrammingApplications.vcxproj" (target "_ClCompile" depends on it):
       Task "CL"
         C:\Program Files\Microsoft Visual Studio\2022\Community\VC\Tools\MSVC\14.34.31933\bin\HostX64\x64\CL.exe /c /ZI /JMC /nologo /W3 /WX- /diagnostics:column /sdl /Od /D _DEBUG /D _CONSOLE /D _UNICODE /D UNICODE /Gm- /EHsc /RTC1 /MDd /GS /fp:precise /Zc:wchar_t /Zc:forScope /Zc:inline /permissive- /Fo"x64\Debug\\" /Fd"x64\Debug\vc143.pdb" /external:W3 /Gd /TP /FC /errorReport:prompt main.cpp roster.cpp student.cpp
         main.cpp
         roster.cpp
         student.cpp
         Generating Code...
       Done executing task "CL".
     1>Done building target "ClCompile" in project "ScriptingAndProgrammingApplications.vcxproj".
     1>Target "AfterClCompile" in file "C:\Program Files\Microsoft Visual Studio\2022\Community\MSBuild\Microsoft\VC\v170\Microsoft.CppBuild.targets" from project "C:\Users\sheld\source\repos\ScriptingAndProgrammingApplications\ScriptingAndProgrammingApplications.vcxproj" (target "_ClCompile" depends on it):
     1>Done building target "AfterClCompile" in project "ScriptingAndProgrammingApplications.vcxproj".
     1>Target "_ClCompile" in file "C:\Program Files\Microsoft Visual Studio\2022\Community\MSBuild\Microsoft\VC\v170\Microsoft.CppBuild.targets" from project "C:\Users\sheld\source\repos\ScriptingAndProgrammingApplications\ScriptingAndProgrammingApplications.vcxproj" (target "_BuildCompileAction" depends on it):
     1>Done building target "_ClCompile" in project "ScriptingAndProgrammingApplications.vcxproj".
     1>Target "BeforeResourceCompile" in file "C:\Program Files\Microsoft Visual Studio\2022\Community\MSBuild\Microsoft\VC\v170\Microsoft.CppBuild.targets" from project "C:\Users\sheld\source\repos\ScriptingAndProgrammingApplications\ScriptingAndProgrammingApplications.vcxproj" (target "_ResourceCompile" depends on it):
     1>Done building target "BeforeResourceCompile" in project "ScriptingAndProgrammingApplications.vcxproj".
     1>Target "MakeDirsForResourceCompile" in file "C:\Program Files\Microsoft Visual Studio\2022\Community\MSBuild\Microsoft\VC\v170\Microsoft.CppBuild.targets" from project "C:\Users\sheld\source\repos\ScriptingAndProgrammingApplications\ScriptingAndProgrammingApplications.vcxproj" (target "_ResourceCompile" depends on it):
       Task "MakeDir"
       Done executing task "MakeDir".
     1>Done building target "MakeDirsForResourceCompile" in project "ScriptingAndProgrammingApplications.vcxproj".
     1>Target "AfterResourceCompile" in file "C:\Program Files\Microsoft Visual Studio\2022\Community\MSBuild\Microsoft\VC\v170\Microsoft.CppBuild.targets" from project "C:\Users\sheld\source\repos\ScriptingAndProgrammingApplications\ScriptingAndProgrammingApplications.vcxproj" (target "_ResourceCompile" depends on it):
     1>Done building target "AfterResourceCompile" in project "ScriptingAndProgrammingApplications.vcxproj".
     1>Target "_ResourceCompile" in file "C:\Program Files\Microsoft Visual Studio\2022\Community\MSBuild\Microsoft\VC\v170\Microsoft.CppBuild.targets" from project "C:\Users\sheld\source\repos\ScriptingAndProgrammingApplications\ScriptingAndProgrammingApplications.vcxproj" (target "_BuildCompileAction" depends on it):
     1>Done building target "_ResourceCompile" in project "ScriptingAndProgrammingApplications.vcxproj".
     1>Target "AfterBuildCompileEvent" in file "C:\Program Files\Microsoft Visual Studio\2022\Community\MSBuild\Microsoft\VC\v170\Microsoft.CppBuild.targets" from project "C:\Users\sheld\source\repos\ScriptingAndProgrammingApplications\ScriptingAndProgrammingApplications.vcxproj" (target "_BuildCompileAction" depends on it):
     1>Done building target "AfterBuildCompileEvent" in project "ScriptingAndProgrammingApplications.vcxproj".
     1>Target "_BuildCompileAction" in file "C:\Program Files\Microsoft Visual Studio\2022\Community\MSBuild\Microsoft\VC\v170\Microsoft.CppBuild.targets" from project "C:\Users\sheld\source\repos\ScriptingAndProgrammingApplications\ScriptingAndProgrammingApplications.vcxproj" (target "BuildCompile" depends on it):
     1>Done building target "_BuildCompileAction" in project "ScriptingAndProgrammingApplications.vcxproj".
     1>Target "BuildCompile" in file "C:\Program Files\Microsoft Visual Studio\2022\Community\MSBuild\Current\Bin\amd64\Microsoft.Common.CurrentVersion.targets" from project "C:\Users\sheld\source\repos\ScriptingAndProgrammingApplications\ScriptingAndProgrammingApplications.vcxproj" (target "Build" depends on it):
     1>Done building target "BuildCompile" in project "ScriptingAndProgrammingApplications.vcxproj".
     1>Target "BuildLinkTraverse" in file "C:\Program Files\Microsoft Visual Studio\2022\Community\MSBuild\Current\Bin\amd64\Microsoft.Common.CurrentVersion.targets" from project "C:\Users\sheld\source\repos\ScriptingAndProgrammingApplications\ScriptingAndProgrammingApplications.vcxproj" (target "BuildLink" depends on it):
     1>Done building target "BuildLinkTraverse" in project "ScriptingAndProgrammingApplications.vcxproj".
     1>Target "ComputeLegacyManifestEmbedding" in file "C:\Program Files\Microsoft Visual Studio\2022\Community\MSBuild\Microsoft\VC\v170\Microsoft.CppBuild.targets" from project "C:\Users\sheld\source\repos\ScriptingAndProgrammingApplications\ScriptingAndProgrammingApplications.vcxproj" (target "_BuildLinkAction" depends on it):
     1>Done building target "ComputeLegacyManifestEmbedding" in project "ScriptingAndProgrammingApplications.vcxproj".
     1>Target "BeforeLink" in file "C:\Program Files\Microsoft Visual Studio\2022\Community\MSBuild\Microsoft\VC\v170\Microsoft.CppBuild.targets" from project "C:\Users\sheld\source\repos\ScriptingAndProgrammingApplications\ScriptingAndProgrammingApplications.vcxproj" (target "_Link" depends on it):
     1>Done building target "BeforeLink" in project "ScriptingAndProgrammingApplications.vcxproj".
     1>Target "ComputeRCOutputs" in file "C:\Program Files\Microsoft Visual Studio\2022\Community\MSBuild\Microsoft\VC\v170\Microsoft.CppBuild.targets" from project "C:\Users\sheld\source\repos\ScriptingAndProgrammingApplications\ScriptingAndProgrammingApplications.vcxproj" (target "ComputeRCGeneratedLinkInputs" depends on it):
     1>Done building target "ComputeRCOutputs" in project "ScriptingAndProgrammingApplications.vcxproj".
     1>Target "ComputeRCGeneratedLinkInputs" in file "C:\Program Files\Microsoft Visual Studio\2022\Community\MSBuild\Microsoft\VC\v170\Microsoft.CppBuild.targets" from project "C:\Users\sheld\source\repos\ScriptingAndProgrammingApplications\ScriptingAndProgrammingApplications.vcxproj" (target "_Link" depends on it):
     1>Done building target "ComputeRCGeneratedLinkInputs" in project "ScriptingAndProgrammingApplications.vcxproj".
     1>Target "ComputeManifestGeneratedLinkerInputs" in file "C:\Program Files\Microsoft Visual Studio\2022\Community\MSBuild\Microsoft\VC\v170\Microsoft.CppBuild.targets" from project "C:\Users\sheld\source\repos\ScriptingAndProgrammingApplications\ScriptingAndProgrammingApplications.vcxproj" (target "_Link" depends on it):
     1>Done building target "ComputeManifestGeneratedLinkerInputs" in project "ScriptingAndProgrammingApplications.vcxproj".
     1>Target "ComputeCLOutputs" in file "C:\Program Files\Microsoft Visual Studio\2022\Community\MSBuild\Microsoft\VC\v170\Microsoft.CppBuild.targets" from project "C:\Users\sheld\source\repos\ScriptingAndProgrammingApplications\ScriptingAndProgrammingApplications.vcxproj" (target "ComputeCLGeneratedLinkInputs" depends on it):
     1>Done building target "ComputeCLOutputs" in project "ScriptingAndProgrammingApplications.vcxproj".
     1>Target "ComputeCLGeneratedLinkInputs" in file "C:\Program Files\Microsoft Visual Studio\2022\Community\MSBuild\Microsoft\VC\v170\Microsoft.CppBuild.targets" from project "C:\Users\sheld\source\repos\ScriptingAndProgrammingApplications\ScriptingAndProgrammingApplications.vcxproj" (target "_Link" depends on it):
     1>Done building target "ComputeCLGeneratedLinkInputs" in project "ScriptingAndProgrammingApplications.vcxproj".
     1>Target "ComputeLinkInputsFromProject" in file "C:\Program Files\Microsoft Visual Studio\2022\Community\MSBuild\Microsoft\VC\v170\Microsoft.CppBuild.targets" from project "C:\Users\sheld\source\repos\ScriptingAndProgrammingApplications\ScriptingAndProgrammingApplications.vcxproj" (target "_Link" depends on it):
     1>Done building target "ComputeLinkInputsFromProject" in project "ScriptingAndProgrammingApplications.vcxproj".
     1>Target "ComputeManifestInputsTargets" in file "C:\Program Files\Microsoft Visual Studio\2022\Community\MSBuild\Microsoft\VC\v170\Microsoft.CppBuild.targets" from project "C:\Users\sheld\source\repos\ScriptingAndProgrammingApplications\ScriptingAndProgrammingApplications.vcxproj" (target "_Link" depends on it):
     1>Done building target "ComputeManifestInputsTargets" in project "ScriptingAndProgrammingApplications.vcxproj".
     1>Target "AssignTargetPaths" in file "C:\Program Files\Microsoft Visual Studio\2022\Community\MSBuild\Current\Bin\amd64\Microsoft.Common.CurrentVersion.targets" from project "C:\Users\sheld\source\repos\ScriptingAndProgrammingApplications\ScriptingAndProgrammingApplications.vcxproj" (target "PrepareResourceNames" depends on it):
       Task "AssignTargetPath"
       Done executing task "AssignTargetPath".
       Task "AssignTargetPath"
       Done executing task "AssignTargetPath".
       Task "AssignTargetPath"
       Done executing task "AssignTargetPath".
       Task "AssignTargetPath"
       Done executing task "AssignTargetPath".
     1>Done building target "AssignTargetPaths" in project "ScriptingAndProgrammingApplications.vcxproj".
     1>Target "SplitResourcesByCulture" in file "C:\Program Files\Microsoft Visual Studio\2022\Community\MSBuild\Current\Bin\amd64\Microsoft.Common.CurrentVersion.targets" from project "C:\Users\sheld\source\repos\ScriptingAndProgrammingApplications\ScriptingAndProgrammingApplications.vcxproj" (target "PrepareResourceNames" depends on it):
       Task "AssignCulture"
       Done executing task "AssignCulture".
     1>Done building target "SplitResourcesByCulture" in project "ScriptingAndProgrammingApplications.vcxproj".
     1>Target "CreateCustomManifestResourceNames" in file "C:\Program Files\Microsoft Visual Studio\2022\Community\MSBuild\Current\Bin\amd64\Microsoft.Common.CurrentVersion.targets" from project "C:\Users\sheld\source\repos\ScriptingAndProgrammingApplications\ScriptingAndProgrammingApplications.vcxproj" (target "PrepareResourceNames" depends on it):
     1>Done building target "CreateCustomManifestResourceNames" in project "ScriptingAndProgrammingApplications.vcxproj".
     1>Target "PrepareResourceNames" in file "C:\Program Files\Microsoft Visual Studio\2022\Community\MSBuild\Current\Bin\amd64\Microsoft.Common.CurrentVersion.targets" from project "C:\Users\sheld\source\repos\ScriptingAndProgrammingApplications\ScriptingAndProgrammingApplications.vcxproj" (target "_Link" depends on it):
     1>Done building target "PrepareResourceNames" in project "ScriptingAndProgrammingApplications.vcxproj".
     1>Target "MakeDirsForLink" in file "C:\Program Files\Microsoft Visual Studio\2022\Community\MSBuild\Microsoft\VC\v170\Microsoft.CppBuild.targets" from project "C:\Users\sheld\source\repos\ScriptingAndProgrammingApplications\ScriptingAndProgrammingApplications.vcxproj" (target "_Link" depends on it):
       Task "MakeDir"
       Done executing task "MakeDir".
     1>Done building target "MakeDirsForLink" in project "ScriptingAndProgrammingApplications.vcxproj".
     1>Target "DoLinkOutputFilesMatch" in file "C:\Program Files\Microsoft Visual Studio\2022\Community\MSBuild\Microsoft\VC\v170\Microsoft.CppBuild.targets" from project "C:\Users\sheld\source\repos\ScriptingAndProgrammingApplications\ScriptingAndProgrammingApplications.vcxproj" (target "_Link" depends on it):
     1>Done building target "DoLinkOutputFilesMatch" in project "ScriptingAndProgrammingApplications.vcxproj".
     1>Target "PreLinkEvent" in file "C:\Program Files\Microsoft Visual Studio\2022\Community\MSBuild\Microsoft\VC\v170\Microsoft.CppCommon.targets" from project "C:\Users\sheld\source\repos\ScriptingAndProgrammingApplications\ScriptingAndProgrammingApplications.vcxproj" (target "_Link" depends on it):
     1>Done building target "PreLinkEvent" in project "ScriptingAndProgrammingApplications.vcxproj".
     1>Target "ComputeLinkSwitches" in file "C:\Program Files\Microsoft Visual Studio\2022\Community\MSBuild\Microsoft\VC\v170\Microsoft.CppCommon.targets" from project "C:\Users\sheld\source\repos\ScriptingAndProgrammingApplications\ScriptingAndProgrammingApplications.vcxproj" (target "Link" depends on it):
     1>Done building target "ComputeLinkSwitches" in project "ScriptingAndProgrammingApplications.vcxproj".
     1>Target "Link" in file "C:\Program Files\Microsoft Visual Studio\2022\Community\MSBuild\Microsoft\VC\v170\Microsoft.CppCommon.targets" from project "C:\Users\sheld\source\repos\ScriptingAndProgrammingApplications\ScriptingAndProgrammingApplications.vcxproj" (target "_Link" depends on it):
       Task "Link"
         C:\Program Files\Microsoft Visual Studio\2022\Community\VC\Tools\MSVC\14.34.31933\bin\HostX64\x64\link.exe /ERRORREPORT:PROMPT /OUT:"C:\Users\sheld\source\repos\ScriptingAndProgrammingApplications\x64\Debug\ScriptingAndProgrammingApplications.exe" /INCREMENTAL /ILK:"x64\Debug\ScriptingAndProgrammingApplications.ilk" /NOLOGO kernel32.lib user32.lib gdi32.lib winspool.lib comdlg32.lib advapi32.lib shell32.lib ole32.lib oleaut32.lib uuid.lib odbc32.lib odbccp32.lib /MANIFEST /MANIFESTUAC:"level='asInvoker' uiAccess='false'" /manifest:embed /DEBUG /PDB:"C:\Users\sheld\source\repos\ScriptingAndProgrammingApplications\x64\Debug\ScriptingAndProgrammingApplications.pdb" /SUBSYSTEM:CONSOLE /TLBID:1 /DYNAMICBASE /NXCOMPAT /IMPLIB:"C:\Users\sheld\source\repos\ScriptingAndProgrammingApplications\x64\Debug\ScriptingAndProgrammingApplications.lib" /MACHINE:X64 x64\Debug\main.obj
         x64\Debug\roster.obj
         x64\Debug\student.obj
       Done executing task "Link".
       Task "Message"
         ScriptingAndProgrammingApplications.vcxproj -> C:\Users\sheld\source\repos\ScriptingAndProgrammingApplications\x64\Debug\ScriptingAndProgrammingApplications.exe
       Done executing task "Message".
     1>Done building target "Link" in project "ScriptingAndProgrammingApplications.vcxproj".
     1>Target "ComputeLinkImportLibraryOutputsForClean" in file "C:\Program Files\Microsoft Visual Studio\2022\Community\MSBuild\Microsoft\VC\v170\Microsoft.CppBuild.targets" from project "C:\Users\sheld\source\repos\ScriptingAndProgrammingApplications\ScriptingAndProgrammingApplications.vcxproj" (target "_Link" depends on it):
     1>Done building target "ComputeLinkImportLibraryOutputsForClean" in project "ScriptingAndProgrammingApplications.vcxproj".
     1>Target "AfterLink" in file "C:\Program Files\Microsoft Visual Studio\2022\Community\MSBuild\Microsoft\VC\v170\Microsoft.CppBuild.targets" from project "C:\Users\sheld\source\repos\ScriptingAndProgrammingApplications\ScriptingAndProgrammingApplications.vcxproj" (target "_Link" depends on it):
     1>Done building target "AfterLink" in project "ScriptingAndProgrammingApplications.vcxproj".
     1>Target "_Link" in file "C:\Program Files\Microsoft Visual Studio\2022\Community\MSBuild\Microsoft\VC\v170\Microsoft.CppBuild.targets" from project "C:\Users\sheld\source\repos\ScriptingAndProgrammingApplications\ScriptingAndProgrammingApplications.vcxproj" (target "_BuildLinkAction" depends on it):
     1>Done building target "_Link" in project "ScriptingAndProgrammingApplications.vcxproj".
     1>Target "_ALink" in file "C:\Program Files\Microsoft Visual Studio\2022\Community\MSBuild\Microsoft\VC\v170\Microsoft.CppBuild.targets" from project "C:\Users\sheld\source\repos\ScriptingAndProgrammingApplications\ScriptingAndProgrammingApplications.vcxproj" (target "_BuildLinkAction" depends on it):
     1>Done building target "_ALink" in project "ScriptingAndProgrammingApplications.vcxproj".
     1>Target "_Manifest" in file "C:\Program Files\Microsoft Visual Studio\2022\Community\MSBuild\Microsoft\VC\v170\Microsoft.CppBuild.targets" from project "C:\Users\sheld\source\repos\ScriptingAndProgrammingApplications\ScriptingAndProgrammingApplications.vcxproj" (target "_BuildLinkAction" depends on it):
     1>Done building target "_Manifest" in project "ScriptingAndProgrammingApplications.vcxproj".
     1>Target "RegisterOutput" in file "C:\Program Files\Microsoft Visual Studio\2022\Community\MSBuild\Microsoft\VC\v170\Microsoft.CppCommon.targets" from project "C:\Users\sheld\source\repos\ScriptingAndProgrammingApplications\ScriptingAndProgrammingApplications.vcxproj" (target "_BuildLinkAction" depends on it):
     1>Done building target "RegisterOutput" in project "ScriptingAndProgrammingApplications.vcxproj".
     1>Target "ResolvedXDCMake" in file "C:\Program Files\Microsoft Visual Studio\2022\Community\MSBuild\Microsoft\VC\v170\Microsoft.CppBuild.targets" from project "C:\Users\sheld\source\repos\ScriptingAndProgrammingApplications\ScriptingAndProgrammingApplications.vcxproj" (target "_XdcMake" depends on it):
     1>Done building target "ResolvedXDCMake" in project "ScriptingAndProgrammingApplications.vcxproj".
     1>Target "ComputeCLCompileGeneratedXDCFiles" in file "C:\Program Files\Microsoft Visual Studio\2022\Community\MSBuild\Microsoft\VC\v170\Microsoft.CppBuild.targets" from project "C:\Users\sheld\source\repos\ScriptingAndProgrammingApplications\ScriptingAndProgrammingApplications.vcxproj" (target "_XdcMake" depends on it):
     1>Done building target "ComputeCLCompileGeneratedXDCFiles" in project "ScriptingAndProgrammingApplications.vcxproj".
     1>Target "MakeDirsForXdcMake" in file "C:\Program Files\Microsoft Visual Studio\2022\Community\MSBuild\Microsoft\VC\v170\Microsoft.CppBuild.targets" from project "C:\Users\sheld\source\repos\ScriptingAndProgrammingApplications\ScriptingAndProgrammingApplications.vcxproj" (target "_XdcMake" depends on it):
       Task "MakeDir"
       Done executing task "MakeDir".
     1>Done building target "MakeDirsForXdcMake" in project "ScriptingAndProgrammingApplications.vcxproj".
     1>Target "_XdcMake" in file "C:\Program Files\Microsoft Visual Studio\2022\Community\MSBuild\Microsoft\VC\v170\Microsoft.CppBuild.targets" from project "C:\Users\sheld\source\repos\ScriptingAndProgrammingApplications\ScriptingAndProgrammingApplications.vcxproj" (target "_BuildLinkAction" depends on it):
     1>Done building target "_XdcMake" in project "ScriptingAndProgrammingApplications.vcxproj".
     1>Target "ComputeCLCompileGeneratedSbrFiles" in file "C:\Program Files\Microsoft Visual Studio\2022\Community\MSBuild\Microsoft\VC\v170\Microsoft.CppBuild.targets" from project "C:\Users\sheld\source\repos\ScriptingAndProgrammingApplications\ScriptingAndProgrammingApplications.vcxproj" (target "_BscMake" depends on it):
     1>Done building target "ComputeCLCompileGeneratedSbrFiles" in project "ScriptingAndProgrammingApplications.vcxproj".
     1>Target "MakeDirsForBscMake" in file "C:\Program Files\Microsoft Visual Studio\2022\Community\MSBuild\Microsoft\VC\v170\Microsoft.CppBuild.targets" from project "C:\Users\sheld\source\repos\ScriptingAndProgrammingApplications\ScriptingAndProgrammingApplications.vcxproj" (target "_BscMake" depends on it):
       Task "MakeDir"
       Done executing task "MakeDir".
     1>Done building target "MakeDirsForBscMake" in project "ScriptingAndProgrammingApplications.vcxproj".
     1>Target "_BscMake" in file "C:\Program Files\Microsoft Visual Studio\2022\Community\MSBuild\Microsoft\VC\v170\Microsoft.CppBuild.targets" from project "C:\Users\sheld\source\repos\ScriptingAndProgrammingApplications\ScriptingAndProgrammingApplications.vcxproj" (target "_BuildLinkAction" depends on it):
     1>Done building target "_BscMake" in project "ScriptingAndProgrammingApplications.vcxproj".
     1>Target "BuiltProjectOutputGroup" in file "C:\Program Files\Microsoft Visual Studio\2022\Community\MSBuild\Microsoft\VC\v170\Microsoft.CppBuild.targets" from project "C:\Users\sheld\source\repos\ScriptingAndProgrammingApplications\ScriptingAndProgrammingApplications.vcxproj" (target "CreateRecipeFile" depends on it):
     1>Done building target "BuiltProjectOutputGroup" in project "ScriptingAndProgrammingApplications.vcxproj".
     1>Target "SatelliteDllsProjectOutputGroup" in file "C:\Program Files\Microsoft Visual Studio\2022\Community\MSBuild\Current\Bin\amd64\Microsoft.Common.CurrentVersion.targets" from project "C:\Users\sheld\source\repos\ScriptingAndProgrammingApplications\ScriptingAndProgrammingApplications.vcxproj" (target "CreateRecipeFile" depends on it):
     1>Done building target "SatelliteDllsProjectOutputGroup" in project "ScriptingAndProgrammingApplications.vcxproj".
     1>Target "MakeDirsForFxc" in file "C:\Program Files\Microsoft Visual Studio\2022\Community\MSBuild\Microsoft\VC\v170\Microsoft.CppBuild.targets" from project "C:\Users\sheld\source\repos\ScriptingAndProgrammingApplications\ScriptingAndProgrammingApplications.vcxproj" (target "ContentFilesProjectOutputGroup" depends on it):
       Task "MakeDir"
       Done executing task "MakeDir".
     1>Done building target "MakeDirsForFxc" in project "ScriptingAndProgrammingApplications.vcxproj".
     1>Target "ContentFilesProjectOutputGroup" in file "C:\Program Files\Microsoft Visual Studio\2022\Community\MSBuild\Microsoft\VC\v170\Microsoft.CppBuild.targets" from project "C:\Users\sheld\source\repos\ScriptingAndProgrammingApplications\ScriptingAndProgrammingApplications.vcxproj" (target "CreateRecipeFile" depends on it):
     1>Done building target "ContentFilesProjectOutputGroup" in project "ScriptingAndProgrammingApplications.vcxproj".
     1>Target "CreateRecipeFile" in file "C:\Program Files\Microsoft Visual Studio\2022\Community\MSBuild\Microsoft\VC\v170\Microsoft.CppBuild.targets" from project "C:\Users\sheld\source\repos\ScriptingAndProgrammingApplications\ScriptingAndProgrammingApplications.vcxproj" (target "_BuildLinkAction" depends on it):
       Task "GenerateDesktopDeployRecipe"
       Done executing task "GenerateDesktopDeployRecipe".
     1>Done building target "CreateRecipeFile" in project "ScriptingAndProgrammingApplications.vcxproj".
     1>Target "_GenerateSatelliteAssemblyInputs" in file "C:\Program Files\Microsoft Visual Studio\2022\Community\MSBuild\Current\Bin\amd64\Microsoft.Common.CurrentVersion.targets" from project "C:\Users\sheld\source\repos\ScriptingAndProgrammingApplications\ScriptingAndProgrammingApplications.vcxproj" (target "CreateSatelliteAssemblies" depends on it):
     1>Done building target "_GenerateSatelliteAssemblyInputs" in project "ScriptingAndProgrammingApplications.vcxproj".
     1>Target "CreateSatelliteAssemblies" in file "C:\Program Files\Microsoft Visual Studio\2022\Community\MSBuild\Current\Bin\amd64\Microsoft.Common.CurrentVersion.targets" from project "C:\Users\sheld\source\repos\ScriptingAndProgrammingApplications\ScriptingAndProgrammingApplications.vcxproj" (target "_BuildLinkAction" depends on it):
     1>Done building target "CreateSatelliteAssemblies" in project "ScriptingAndProgrammingApplications.vcxproj".
     1>Target "_Appverifier" in file "C:\Program Files\Microsoft Visual Studio\2022\Community\MSBuild\Microsoft\VC\v170\Microsoft.CppBuild.targets" from project "C:\Users\sheld\source\repos\ScriptingAndProgrammingApplications\ScriptingAndProgrammingApplications.vcxproj" (target "_BuildLinkAction" depends on it):
     1>Done building target "_Appverifier" in project "ScriptingAndProgrammingApplications.vcxproj".
     1>Target "_Deploy" in file "C:\Program Files\Microsoft Visual Studio\2022\Community\MSBuild\Microsoft\VC\v170\Microsoft.CppBuild.targets" from project "C:\Users\sheld\source\repos\ScriptingAndProgrammingApplications\ScriptingAndProgrammingApplications.vcxproj" (target "_BuildLinkAction" depends on it):
     1>Done building target "_Deploy" in project "ScriptingAndProgrammingApplications.vcxproj".
     1>Target "_PopulateCommonStateForGetCopyToOutputDirectoryItems" in file "C:\Program Files\Microsoft Visual Studio\2022\Community\MSBuild\Current\Bin\amd64\Microsoft.Common.CurrentVersion.targets" from project "C:\Users\sheld\source\repos\ScriptingAndProgrammingApplications\ScriptingAndProgrammingApplications.vcxproj" (target "GetCopyToOutputDirectoryItems" depends on it):
     1>Done building target "_PopulateCommonStateForGetCopyToOutputDirectoryItems" in project "ScriptingAndProgrammingApplications.vcxproj".
     1>Target "GetCopyToOutputDirectoryXamlAppDefs" in file "C:\WINDOWS\Microsoft.NET\Framework\v4.0.30319\Microsoft.Xaml.targets" from project "C:\Users\sheld\source\repos\ScriptingAndProgrammingApplications\ScriptingAndProgrammingApplications.vcxproj" (target "GetCopyToOutputDirectoryItems" depends on it):
       Task "AssignTargetPath"
       Done executing task "AssignTargetPath".
     1>Done building target "GetCopyToOutputDirectoryXamlAppDefs" in project "ScriptingAndProgrammingApplications.vcxproj".
     1>Target "GetCopyToOutputDirectoryItems" in file "C:\Program Files\Microsoft Visual Studio\2022\Community\MSBuild\Current\Bin\amd64\Microsoft.Common.CurrentVersion.targets" from project "C:\Users\sheld\source\repos\ScriptingAndProgrammingApplications\ScriptingAndProgrammingApplications.vcxproj" (target "_CopySourceItemsToOutputDirectory" depends on it):
       Task "CallTarget"
     1>Target "_GetCopyToOutputDirectoryItemsFromTransitiveProjectReferences" in file "C:\Program Files\Microsoft Visual Studio\2022\Community\MSBuild\Current\Bin\amd64\Microsoft.Common.CurrentVersion.targets" from project "C:\Users\sheld\source\repos\ScriptingAndProgrammingApplications\ScriptingAndProgrammingApplications.vcxproj" (target "GetCopyToOutputDirectoryItems" depends on it):
       Task "AssignTargetPath"
       Done executing task "AssignTargetPath".
     1>Done building target "_GetCopyToOutputDirectoryItemsFromTransitiveProjectReferences" in project "ScriptingAndProgrammingApplications.vcxproj".
       Done executing task "CallTarget".
       Task "CallTarget"
     1>Target "_GetCopyToOutputDirectoryItemsFromThisProject" in file "C:\Program Files\Microsoft Visual Studio\2022\Community\MSBuild\Current\Bin\amd64\Microsoft.Common.CurrentVersion.targets" from project "C:\Users\sheld\source\repos\ScriptingAndProgrammingApplications\ScriptingAndProgrammingApplications.vcxproj" (target "GetCopyToOutputDirectoryItems" depends on it):
       Task "AssignTargetPath"
       Done executing task "AssignTargetPath".
     1>Done building target "_GetCopyToOutputDirectoryItemsFromThisProject" in project "ScriptingAndProgrammingApplications.vcxproj".
       Done executing task "CallTarget".
     1>Done building target "GetCopyToOutputDirectoryItems" in project "ScriptingAndProgrammingApplications.vcxproj".
     1>Target "_CopySourceItemsToOutputDirectory" in file "C:\Program Files\Microsoft Visual Studio\2022\Community\MSBuild\Current\Bin\amd64\Microsoft.Common.CurrentVersion.targets" from project "C:\Users\sheld\source\repos\ScriptingAndProgrammingApplications\ScriptingAndProgrammingApplications.vcxproj" (target "CopyFilesToOutputDirectory" depends on it):
     1>Done building target "_CopySourceItemsToOutputDirectory" in project "ScriptingAndProgrammingApplications.vcxproj".
     1>Target "_CheckForCompileOutputs" in file "C:\Program Files\Microsoft Visual Studio\2022\Community\MSBuild\Current\Bin\amd64\Microsoft.Common.CurrentVersion.targets" from project "C:\Users\sheld\source\repos\ScriptingAndProgrammingApplications\ScriptingAndProgrammingApplications.vcxproj" (target "CopyFilesToOutputDirectory" depends on it):
     1>Done building target "_CheckForCompileOutputs" in project "ScriptingAndProgrammingApplications.vcxproj".
     1>Target "CopyFilesToOutputDirectory" in file "C:\Program Files\Microsoft Visual Studio\2022\Community\MSBuild\Current\Bin\amd64\Microsoft.Common.CurrentVersion.targets" from project "C:\Users\sheld\source\repos\ScriptingAndProgrammingApplications\ScriptingAndProgrammingApplications.vcxproj" (target "PrepareForRun" depends on it):
     1>Done building target "CopyFilesToOutputDirectory" in project "ScriptingAndProgrammingApplications.vcxproj".
     1>Target "PrepareForRun" in file "C:\Program Files\Microsoft Visual Studio\2022\Community\MSBuild\Current\Bin\amd64\Microsoft.Common.CurrentVersion.targets" from project "C:\Users\sheld\source\repos\ScriptingAndProgrammingApplications\ScriptingAndProgrammingApplications.vcxproj" (target "_BuildLinkAction" depends on it):
     1>Done building target "PrepareForRun" in project "ScriptingAndProgrammingApplications.vcxproj".
     1>Target "PostBuildEvent" in file "C:\Program Files\Microsoft Visual Studio\2022\Community\MSBuild\Microsoft\VC\v170\Microsoft.CppCommon.targets" from project "C:\Users\sheld\source\repos\ScriptingAndProgrammingApplications\ScriptingAndProgrammingApplications.vcxproj" (target "_BuildLinkAction" depends on it):
     1>Done building target "PostBuildEvent" in project "ScriptingAndProgrammingApplications.vcxproj".
     1>Target "_BuildLinkAction" in file "C:\Program Files\Microsoft Visual Studio\2022\Community\MSBuild\Microsoft\VC\v170\Microsoft.CppBuild.targets" from project "C:\Users\sheld\source\repos\ScriptingAndProgrammingApplications\ScriptingAndProgrammingApplications.vcxproj" (target "BuildLink" depends on it):
     1>Done building target "_BuildLinkAction" in project "ScriptingAndProgrammingApplications.vcxproj".
     1>Target "BuildLink" in file "C:\Program Files\Microsoft Visual Studio\2022\Community\MSBuild\Current\Bin\amd64\Microsoft.Common.CurrentVersion.targets" from project "C:\Users\sheld\source\repos\ScriptingAndProgrammingApplications\ScriptingAndProgrammingApplications.vcxproj" (target "Build" depends on it):
     1>Done building target "BuildLink" in project "ScriptingAndProgrammingApplications.vcxproj".
     1>Target "AfterBuild" in file "C:\Program Files\Microsoft Visual Studio\2022\Community\MSBuild\Microsoft\VC\v170\Microsoft.BuildSteps.Targets" from project "C:\Users\sheld\source\repos\ScriptingAndProgrammingApplications\ScriptingAndProgrammingApplications.vcxproj" (target "Build" depends on it):
     1>Done building target "AfterBuild" in project "ScriptingAndProgrammingApplications.vcxproj".
     1>Target "_CleanGetCurrentAndPriorFileWrites" in file "C:\Program Files\Microsoft Visual Studio\2022\Community\MSBuild\Current\Bin\amd64\Microsoft.Common.CurrentVersion.targets" from project "C:\Users\sheld\source\repos\ScriptingAndProgrammingApplications\ScriptingAndProgrammingApplications.vcxproj" (target "IncrementalClean" depends on it):
       Task "ReadLinesFromFile"
       Done executing task "ReadLinesFromFile".
       Task "ConvertToAbsolutePath"
       Done executing task "ConvertToAbsolutePath".
       Task "FindUnderPath"
       Done executing task "FindUnderPath".
       Task "FindUnderPath"
       Done executing task "FindUnderPath".
       Task "FindUnderPath"
       Done executing task "FindUnderPath".
       Task "RemoveDuplicates"
       Done executing task "RemoveDuplicates".
     1>Done building target "_CleanGetCurrentAndPriorFileWrites" in project "ScriptingAndProgrammingApplications.vcxproj".
     1>Target "IncrementalClean" in file "C:\Program Files\Microsoft Visual Studio\2022\Community\MSBuild\Current\Bin\amd64\Microsoft.Common.CurrentVersion.targets" from project "C:\Users\sheld\source\repos\ScriptingAndProgrammingApplications\ScriptingAndProgrammingApplications.vcxproj" (target "Build" depends on it):
       Task "FindUnderPath"
       Done executing task "FindUnderPath".
       Task "FindUnderPath"
       Done executing task "FindUnderPath".
       Task "Delete"
       Done executing task "Delete".
       Task "RemoveDuplicates"
       Done executing task "RemoveDuplicates".
     1>Done building target "IncrementalClean" in project "ScriptingAndProgrammingApplications.vcxproj".
     1>Target "FinalizeBuildStatus" in file "C:\Program Files\Microsoft Visual Studio\2022\Community\MSBuild\Microsoft\VC\v170\Microsoft.CppBuild.targets" from project "C:\Users\sheld\source\repos\ScriptingAndProgrammingApplications\ScriptingAndProgrammingApplications.vcxproj" (target "Build" depends on it):
       Task "Delete"
       Done executing task "Delete".
       Task "Touch"
       Done executing task "Touch".
     1>Done building target "FinalizeBuildStatus" in project "ScriptingAndProgrammingApplications.vcxproj".
     1>Target "Build" in file "C:\Program Files\Microsoft Visual Studio\2022\Community\MSBuild\Microsoft\VC\v170\Microsoft.BuildSteps.Targets" from project "C:\Users\sheld\source\repos\ScriptingAndProgrammingApplications\ScriptingAndProgrammingApplications.vcxproj" (entry point):
     1>Done building target "Build" in project "ScriptingAndProgrammingApplications.vcxproj".
     1>Done Building Project "C:\Users\sheld\source\repos\ScriptingAndProgrammingApplications\ScriptingAndProgrammingApplications.vcxproj" (Build target(s)).

Build succeeded.
    0 Warning(s)
    0 Error(s)

Time Elapsed 00:00:17.59
